<?xml version="1.0" encoding="UTF-8"?>
<robot generator="Robot 3.2.1 (Python 3.7.4 on win32)" generated="20200824 11:29:49.335" rpa="false">
<suite id="s1" name="TC01 open close browser" source="C:\Users\harshmis\PycharmProjects\Automation_Robot_Framework\Selenium\TC01_open_close_browser.robot">
<test id="s1-t1" name="Gmail_login">
<kw name="Open Browser To Login Page" library="Selenium_keywords">
<kw name="Open Browser" library="SeleniumLibrary">
<doc>Opens a new browser instance to the optional ``url``.</doc>
<arguments>
<arg>${URL}</arg>
<arg>${Browser}</arg>
</arguments>
<msg timestamp="20200824 11:29:50.643" level="INFO">Opening browser 'Chrome' to base url 'https://www.google.co.in/'.</msg>
<status status="PASS" starttime="20200824 11:29:50.643" endtime="20200824 11:30:00.291"></status>
</kw>
<status status="PASS" starttime="20200824 11:29:50.642" endtime="20200824 11:30:00.292"></status>
</kw>
<kw name="Search Goggle" library="Selenium_keywords">
<kw name="Input Text" library="SeleniumLibrary">
<doc>Types the given ``text`` into the text field identified by ``locator``.</doc>
<arguments>
<arg>name:q</arg>
<arg>Gmail</arg>
</arguments>
<msg timestamp="20200824 11:30:00.295" level="INFO">Typing text 'Gmail' into text field 'name:q'.</msg>
<status status="PASS" starttime="20200824 11:30:00.295" endtime="20200824 11:30:00.446"></status>
</kw>
<status status="PASS" starttime="20200824 11:30:00.293" endtime="20200824 11:30:00.447"></status>
</kw>
<kw name="Click Element" library="SeleniumLibrary">
<doc>Click the element identified by ``locator``.</doc>
<arguments>
<arg>xpath://input[@class='gNO89b']</arg>
</arguments>
<msg timestamp="20200824 11:30:00.448" level="INFO">Clicking element 'xpath://input[@class='gNO89b']'.</msg>
<kw name="Capture Page Screenshot" library="SeleniumLibrary">
<doc>Takes a screenshot of the current page and embeds it into a log file.</doc>
<msg timestamp="20200824 11:30:01.022" level="INFO" html="yes">&lt;/td&gt;&lt;/tr&gt;&lt;tr&gt;&lt;td colspan="3"&gt;&lt;a href="selenium-screenshot-8.png"&gt;&lt;img src="selenium-screenshot-8.png" width="800px"&gt;&lt;/a&gt;</msg>
<status status="PASS" starttime="20200824 11:30:00.504" endtime="20200824 11:30:01.023"></status>
</kw>
<msg timestamp="20200824 11:30:01.062" level="FAIL">ElementNotInteractableException: Message: element not interactable
  (Session info: chrome=84.0.4147.125)
</msg>
<status status="FAIL" starttime="20200824 11:30:00.447" endtime="20200824 11:30:01.063"></status>
</kw>
<status status="FAIL" starttime="20200824 11:29:50.641" endtime="20200824 11:30:01.063" critical="yes">ElementNotInteractableException: Message: element not interactable
  (Session info: chrome=84.0.4147.125)
</status>
</test>
<status status="FAIL" starttime="20200824 11:29:49.341" endtime="20200824 11:30:01.066"></status>
</suite>
<statistics>
<total>
<stat pass="0" fail="1">Critical Tests</stat>
<stat pass="0" fail="1">All Tests</stat>
</total>
<tag>
</tag>
<suite>
<stat pass="0" fail="1" id="s1" name="TC01 open close browser">TC01 open close browser</stat>
</suite>
</statistics>
<errors>
</errors>
</robot>
